RUST_START: magic=0x732803074 info_addr=0x38144
BOGOS_PAGING_BEGIN
PAGING_ENABLED=true
KERNEL_CR3=003f7000
PAGE_SIZE=4MiB
IDENTITY_MAPPED=true
IDENTITY_MAPPED_MIB=4096
KERNEL_SUPERVISOR_ONLY=false
PER_PROCESS_CR3=true
PROCESS_ISOLATION_ENFORCED=false
ISOLATION_STATUS=per_process_cr3_identity_map
BOGOS_PAGING_END
BOGFS_MOUNT_FAILED: no multiboot modules
BOGOS_BLOCK_DEVICE_BEGIN
MODEL=qemu_legacy_ide_ata_pio
SECTOR_SIZE=512
SECTOR_COUNT=8192
WRITABLE_FIRST=64
WRITABLE_LAST=127
STATUS=accepted
REJECT_REASON=none
BOGOS_BLOCK_DEVICE_END
BOGOS_BLOCK_READ_BEGIN
LBA=64
SECTOR_COUNT=1
BUFFER_LENGTH=512
EXPECTED_HASH=87622748fd79de06ef9c7e468cc6a0021e90ec0482f24e4985fe4d6c7f89115c
OBSERVED_HASH=87622748fd79de06ef9c7e468cc6a0021e90ec0482f24e4985fe4d6c7f89115c
STATUS=accepted
REJECT_REASON=none
MUTATED_TRUSTED_STATE=false
BOGOS_BLOCK_READ_END
BOGOS_BLOCK_READ_BEGIN
LBA=8192
SECTOR_COUNT=1
BUFFER_LENGTH=512
EXPECTED_HASH=87622748fd79de06ef9c7e468cc6a0021e90ec0482f24e4985fe4d6c7f89115c
OBSERVED_HASH=none
STATUS=rejected
REJECT_REASON=lba_out_of_range
MUTATED_TRUSTED_STATE=false
BOGOS_BLOCK_READ_END
BOGOS_BLOCK_READ_BEGIN
LBA=64
SECTOR_COUNT=2
BUFFER_LENGTH=512
EXPECTED_HASH=87622748fd79de06ef9c7e468cc6a0021e90ec0482f24e4985fe4d6c7f89115c
OBSERVED_HASH=none
STATUS=rejected
REJECT_REASON=unsupported_sector_count
MUTATED_TRUSTED_STATE=false
BOGOS_BLOCK_READ_END
BOGOS_BLOCK_READ_BEGIN
LBA=64
SECTOR_COUNT=1
BUFFER_LENGTH=511
EXPECTED_HASH=87622748fd79de06ef9c7e468cc6a0021e90ec0482f24e4985fe4d6c7f89115c
OBSERVED_HASH=none
STATUS=rejected
REJECT_REASON=invalid_buffer_length
MUTATED_TRUSTED_STATE=false
BOGOS_BLOCK_READ_END
BOGOS_BLOCK_READ_BEGIN
LBA=66
SECTOR_COUNT=1
BUFFER_LENGTH=512
EXPECTED_HASH=87622748fd79de06ef9c7e468cc6a0021e90ec0482f24e4985fe4d6c7f89115c
OBSERVED_HASH=a33b4077dc7d774fa00d8006cf45fad6ab4ab0d4a6dd832d285f8e0fe9b832ea
STATUS=rejected
REJECT_REASON=sector_hash_mismatch
MUTATED_TRUSTED_STATE=false
BOGOS_BLOCK_READ_END
BOGOS_BLOCK_WRITE_BEGIN
LBA=0
SECTOR_COUNT=1
BUFFER_LENGTH=512
BEFORE_HASH=none
REQUESTED_AFTER_HASH=6ac0d861b2fcbc1a4b8d7b762c70108c170f7647af4509902f8a5e18b192076a
READBACK_HASH=none
STATUS=rejected
REJECT_REASON=protected_lba
DEVICE_MAY_HAVE_CHANGED=false
MUTATED_TRUSTED_STATE=false
BOGOS_BLOCK_WRITE_END
BOGOS_BLOCK_WRITE_BEGIN
LBA=65
SECTOR_COUNT=1
BUFFER_LENGTH=511
BEFORE_HASH=none
REQUESTED_AFTER_HASH=6ac0d861b2fcbc1a4b8d7b762c70108c170f7647af4509902f8a5e18b192076a
READBACK_HASH=none
STATUS=rejected
REJECT_REASON=invalid_buffer_length
DEVICE_MAY_HAVE_CHANGED=false
MUTATED_TRUSTED_STATE=false
BOGOS_BLOCK_WRITE_END
BOGOS_BLOCK_WRITE_BEGIN
LBA=65
SECTOR_COUNT=1
BUFFER_LENGTH=512
BEFORE_HASH=148cdc4e92185ba6b3825d6e316d19493da6cba2835421be1d55a5f6c9ec5fa1
REQUESTED_AFTER_HASH=6ac0d861b2fcbc1a4b8d7b762c70108c170f7647af4509902f8a5e18b192076a
READBACK_HASH=none
STATUS=rejected
REJECT_REASON=stale_preimage
DEVICE_MAY_HAVE_CHANGED=false
MUTATED_TRUSTED_STATE=false
BOGOS_BLOCK_WRITE_END
BOGOS_BLOCK_WRITE_BEGIN
LBA=65
SECTOR_COUNT=1
BUFFER_LENGTH=512
BEFORE_HASH=none
REQUESTED_AFTER_HASH=0000000000000000000000000000000000000000000000000000000000000000
READBACK_HASH=none
STATUS=rejected
REJECT_REASON=write_hash_mismatch
DEVICE_MAY_HAVE_CHANGED=false
MUTATED_TRUSTED_STATE=false
BOGOS_BLOCK_WRITE_END
BOGOS_BLOCK_WRITE_BEGIN
LBA=67
SECTOR_COUNT=1
BUFFER_LENGTH=512
BEFORE_HASH=076a27c79e5ace2a3d47f9dd2e83e4ff6ea8872b3c2218f66c92b89b55f36560
REQUESTED_AFTER_HASH=6ac0d861b2fcbc1a4b8d7b762c70108c170f7647af4509902f8a5e18b192076a
READBACK_HASH=6ac0d861b2fcbc1a4b8d7b762c70108c170f7647af4509902f8a5e18b192076a
STATUS=rejected
REJECT_REASON=readback_hash_mismatch
DEVICE_MAY_HAVE_CHANGED=true
MUTATED_TRUSTED_STATE=false
BOGOS_BLOCK_WRITE_END
BOGOS_BLOCK_WRITE_BEGIN
LBA=65
SECTOR_COUNT=1
BUFFER_LENGTH=512
BEFORE_HASH=148cdc4e92185ba6b3825d6e316d19493da6cba2835421be1d55a5f6c9ec5fa1
REQUESTED_AFTER_HASH=6ac0d861b2fcbc1a4b8d7b762c70108c170f7647af4509902f8a5e18b192076a
READBACK_HASH=6ac0d861b2fcbc1a4b8d7b762c70108c170f7647af4509902f8a5e18b192076a
STATUS=accepted
REJECT_REASON=none
DEVICE_MAY_HAVE_CHANGED=true
MUTATED_TRUSTED_STATE=true
BOGOS_BLOCK_WRITE_END
BOGOS_BLOCK_READ_BEGIN
LBA=65
SECTOR_COUNT=1
BUFFER_LENGTH=512
EXPECTED_HASH=6ac0d861b2fcbc1a4b8d7b762c70108c170f7647af4509902f8a5e18b192076a
OBSERVED_HASH=6ac0d861b2fcbc1a4b8d7b762c70108c170f7647af4509902f8a5e18b192076a
STATUS=accepted
REJECT_REASON=none
MUTATED_TRUSTED_STATE=false
BOGOS_BLOCK_READ_END
BOGOS_BLOCK_OPERATION_BEGIN
OPERATION=trim
STATUS=rejected
REJECT_REASON=unsupported_operation
MUTATED_TRUSTED_STATE=false
BOGOS_BLOCK_OPERATION_END
BOGOS_BLOCK_INVARIANTS_BEGIN
BLOCK_ABI_VERSION=1
QEMU_ONLY=true
ATA_PIO_ONLY=true
ONE_DEVICE_ONLY=true
SINGLE_SECTOR_ONLY=true
BOUNDS_ENFORCED=true
PROTECTED_RANGE_ENFORCED=true
SECTOR_SHA256_VERIFIED=true
WRITE_READBACK_VERIFIED=true
RAW_USER_BLOCK_ACCESS=false
FILESYSTEM_IMPLEMENTED=false
REJECTED_OPERATIONS_MUTATED_TRUSTED_STATE=false
V35_IN_MEMORY_BOGFS_PRESERVED=true
BOGOS_BLOCK_INVARIANTS_END
BOGKERNEL_BOOT_BEGIN
BOGKERNEL_FORMAT=BOGKERNEL-boot-receipt-16.0
PLATFORM=qemu
EXECUTION_STATUS=completed
BOGKERNEL_BOOT_END
BOGKERNEL_VM_EXEC_BEGIN
BOGKERNEL_VM_FORMAT=BOGKERNEL-native-vm-receipt-17.0
INSTRUCTION_WIDTH=8
PROGRAM_INSTRUCTION_COUNT=2
OPCODES_EXECUTED=NOOP,HALT
HALTED=true
UNSUPPORTED_OPCODE_SEEN=false
EXECUTION_STATUS=completed
BOGKERNEL_VM_EXEC_END
BOGKERNEL_VERIFY_BEGIN
PAYLOAD_PRESENT=true
EXPECTED_HASH=3457c19c980b8b9e58ac5957d712cbdb9f2d887e19642ac5eace426cf39783e3
ACTUAL_HASH=3457c19c980b8b9e58ac5957d712cbdb9f2d887e19642ac5eace426cf39783e3
HASH_MATCH=true
DATA_ACCEPTED=true
DATA_REJECTED=false
EXECUTION_STATUS=completed
BOGKERNEL_VERIFY_END
BOGKERNEL_VERIFY_BEGIN
PAYLOAD_PRESENT=true
EXPECTED_HASH=0000000000000000000000000000000000000000000000000000000000000000
ACTUAL_HASH=3457c19c980b8b9e58ac5957d712cbdb9f2d887e19642ac5eace426cf39783e3
HASH_MATCH=false
DATA_ACCEPTED=false
DATA_REJECTED=true
EXECUTION_STATUS=completed
BOGKERNEL_VERIFY_END
BOGKERNEL_APP_BUNDLE_BEGIN
APP_NAME=hello-bogos
APP_VERSION=19.0.0
APP_PRESENT=true
APP_HASH_EXPECTED=9d34149fbd1fe777eb238799054c8cbfbce372255f219f8740838def9bfd02db
APP_HASH_ACTUAL=9d34149fbd1fe777eb238799054c8cbfbce372255f219f8740838def9bfd02db
APP_HASH_MATCH=true
APP_ACCEPTED=true
APP_REJECTED=false
APP_EXECUTION_STARTED=true
APP_EXECUTION_STATUS=completed
APP_HALTED=true
BOGKERNEL_APP_BUNDLE_END
BOGKERNEL_APP_BUNDLE_BEGIN
APP_NAME=bad-hello-bogos
APP_VERSION=19.0.0
APP_PRESENT=true
APP_HASH_EXPECTED=0000000000000000000000000000000000000000000000000000000000000000
APP_HASH_ACTUAL=9d34149fbd1fe777eb238799054c8cbfbce372255f219f8740838def9bfd02db
APP_HASH_MATCH=false
APP_ACCEPTED=false
APP_REJECTED=true
APP_EXECUTION_STARTED=false
APP_EXECUTION_STATUS=rejected
APP_HALTED=false
BOGKERNEL_APP_BUNDLE_END
BOGOS_V20_BEGIN
VERSION=20.0.0
VGA_TEXT_ONLINE=true
KEYBOARD_INPUT_ONLINE=true
SHELL_ONLINE=true
EMBEDDED_TABLE_PRESENT=true
PSEUDO_FILE_COUNT=6
VERIFIED_APP_COUNT=1
REJECTED_APP_COUNT=1
AUTO_DEMO_SUPPORTED=true
BOGOS_V20_END
