RUST_START: magic=0x732803074 info_addr=0x38144
BOGOS_PAGING_BEGIN
PAGING_ENABLED=true
KERNEL_CR3=003fc000
PAGE_SIZE=4MiB
IDENTITY_MAPPED=true
IDENTITY_MAPPED_MIB=4096
KERNEL_SUPERVISOR_ONLY=false
PER_PROCESS_CR3=true
PROCESS_ISOLATION_ENFORCED=false
ISOLATION_STATUS=per_process_cr3_identity_map
BOGOS_PAGING_END
BOGFS_MOUNT_FAILED: no multiboot modules
BOGOS_BOGFS_MOUNT_BEGIN
STATUS=accepted
REJECT_REASON=none
SLOT_A_REASON=none
SLOT_B_REASON=bad_superblock_magic
FALLBACK_USED=false
GENERATION=1
SUPERBLOCK_LBA=1
MANIFEST_LBA=8
ROOT_HASH=9559ffc35d56f9ce45415cade9b84e2140ab79410de0f35e99896d979903dc42
MANIFEST_HASH=93d361fd9761567808b9d4b0517c34ef16fc97b73c84b5585be92dc2d8665c88
FILE_PATH=/data/persist.bin
FILE_VERSION=1
FILE_LENGTH=8
FILE_HASH=06a6a84990a904dbb3055f58c2abb98ced34d8ad8cb40313556e1ac921350d75
FILE_DATA_LBA=64
MUTATED_TRUSTED_STATE=false
BOGOS_BOGFS_MOUNT_END
BOGOS_PERSISTENT_BOGFS_BEGIN
OPERATION=stat
PATH=/data/persist.bin
OLD_VERSION=1
OLD_HASH=06a6a84990a904dbb3055f58c2abb98ced34d8ad8cb40313556e1ac921350d75
OLD_ROOT_HASH=9559ffc35d56f9ce45415cade9b84e2140ab79410de0f35e99896d979903dc42
NEW_VERSION=1
NEW_HASH=06a6a84990a904dbb3055f58c2abb98ced34d8ad8cb40313556e1ac921350d75
NEW_ROOT_HASH=9559ffc35d56f9ce45415cade9b84e2140ab79410de0f35e99896d979903dc42
DATA_LBA=64
LENGTH=8
CALLER=kernel_v37_proof
CALLER_AUTHORIZED=true
POINTER_VALIDATED=true
PATH_POLICY_ENFORCED=true
LENGTH_BOUNDS_ENFORCED=true
STATUS=accepted
REJECT_REASON=none
MUTATED_TRUSTED_STATE=false
BOGOS_PERSISTENT_BOGFS_END
BOGOS_PERSISTENT_BOGFS_BEGIN
OPERATION=read
PATH=/data/persist.bin
OLD_VERSION=1
OLD_HASH=06a6a84990a904dbb3055f58c2abb98ced34d8ad8cb40313556e1ac921350d75
OLD_ROOT_HASH=9559ffc35d56f9ce45415cade9b84e2140ab79410de0f35e99896d979903dc42
NEW_VERSION=1
NEW_HASH=06a6a84990a904dbb3055f58c2abb98ced34d8ad8cb40313556e1ac921350d75
NEW_ROOT_HASH=9559ffc35d56f9ce45415cade9b84e2140ab79410de0f35e99896d979903dc42
DATA_LBA=64
LENGTH=8
CALLER=kernel_v37_proof
CALLER_AUTHORIZED=true
POINTER_VALIDATED=true
PATH_POLICY_ENFORCED=true
LENGTH_BOUNDS_ENFORCED=true
STATUS=accepted
REJECT_REASON=none
MUTATED_TRUSTED_STATE=false
BOGOS_PERSISTENT_BOGFS_END
BOGOS_PERSISTENT_BOGFS_BEGIN
OPERATION=write
PATH=/data/persist.bin
OLD_VERSION=1
OLD_HASH=06a6a84990a904dbb3055f58c2abb98ced34d8ad8cb40313556e1ac921350d75
OLD_ROOT_HASH=9559ffc35d56f9ce45415cade9b84e2140ab79410de0f35e99896d979903dc42
NEW_VERSION=1
NEW_HASH=06a6a84990a904dbb3055f58c2abb98ced34d8ad8cb40313556e1ac921350d75
NEW_ROOT_HASH=9559ffc35d56f9ce45415cade9b84e2140ab79410de0f35e99896d979903dc42
DATA_LBA=none
LENGTH=8
CALLER=kernel_v37_proof
CALLER_AUTHORIZED=false
POINTER_VALIDATED=true
PATH_POLICY_ENFORCED=true
LENGTH_BOUNDS_ENFORCED=true
STATUS=rejected
REJECT_REASON=unauthorized_caller
MUTATED_TRUSTED_STATE=false
BOGOS_PERSISTENT_BOGFS_END
BOGOS_PERSISTENT_BOGFS_BEGIN
OPERATION=write
PATH=/data/persist.bin
OLD_VERSION=1
OLD_HASH=06a6a84990a904dbb3055f58c2abb98ced34d8ad8cb40313556e1ac921350d75
OLD_ROOT_HASH=9559ffc35d56f9ce45415cade9b84e2140ab79410de0f35e99896d979903dc42
NEW_VERSION=1
NEW_HASH=06a6a84990a904dbb3055f58c2abb98ced34d8ad8cb40313556e1ac921350d75
NEW_ROOT_HASH=9559ffc35d56f9ce45415cade9b84e2140ab79410de0f35e99896d979903dc42
DATA_LBA=none
LENGTH=8
CALLER=kernel_v37_proof
CALLER_AUTHORIZED=true
POINTER_VALIDATED=false
PATH_POLICY_ENFORCED=true
LENGTH_BOUNDS_ENFORCED=true
STATUS=rejected
REJECT_REASON=invalid_pointer
MUTATED_TRUSTED_STATE=false
BOGOS_PERSISTENT_BOGFS_END
BOGOS_PERSISTENT_BOGFS_BEGIN
OPERATION=write
PATH=/data/missing.bin
OLD_VERSION=1
OLD_HASH=06a6a84990a904dbb3055f58c2abb98ced34d8ad8cb40313556e1ac921350d75
OLD_ROOT_HASH=9559ffc35d56f9ce45415cade9b84e2140ab79410de0f35e99896d979903dc42
NEW_VERSION=1
NEW_HASH=06a6a84990a904dbb3055f58c2abb98ced34d8ad8cb40313556e1ac921350d75
NEW_ROOT_HASH=9559ffc35d56f9ce45415cade9b84e2140ab79410de0f35e99896d979903dc42
DATA_LBA=none
LENGTH=8
CALLER=kernel_v37_proof
CALLER_AUTHORIZED=true
POINTER_VALIDATED=true
PATH_POLICY_ENFORCED=true
LENGTH_BOUNDS_ENFORCED=true
STATUS=rejected
REJECT_REASON=invalid_path
MUTATED_TRUSTED_STATE=false
BOGOS_PERSISTENT_BOGFS_END
BOGOS_PERSISTENT_BOGFS_BEGIN
OPERATION=write
PATH=/system/status
OLD_VERSION=1
OLD_HASH=06a6a84990a904dbb3055f58c2abb98ced34d8ad8cb40313556e1ac921350d75
OLD_ROOT_HASH=9559ffc35d56f9ce45415cade9b84e2140ab79410de0f35e99896d979903dc42
NEW_VERSION=1
NEW_HASH=06a6a84990a904dbb3055f58c2abb98ced34d8ad8cb40313556e1ac921350d75
NEW_ROOT_HASH=9559ffc35d56f9ce45415cade9b84e2140ab79410de0f35e99896d979903dc42
DATA_LBA=none
LENGTH=8
CALLER=kernel_v37_proof
CALLER_AUTHORIZED=true
POINTER_VALIDATED=true
PATH_POLICY_ENFORCED=true
LENGTH_BOUNDS_ENFORCED=true
STATUS=rejected
REJECT_REASON=protected_path
MUTATED_TRUSTED_STATE=false
BOGOS_PERSISTENT_BOGFS_END
BOGOS_PERSISTENT_BOGFS_BEGIN
OPERATION=write
PATH=/data/persist.bin
OLD_VERSION=1
OLD_HASH=06a6a84990a904dbb3055f58c2abb98ced34d8ad8cb40313556e1ac921350d75
OLD_ROOT_HASH=9559ffc35d56f9ce45415cade9b84e2140ab79410de0f35e99896d979903dc42
NEW_VERSION=1
NEW_HASH=06a6a84990a904dbb3055f58c2abb98ced34d8ad8cb40313556e1ac921350d75
NEW_ROOT_HASH=9559ffc35d56f9ce45415cade9b84e2140ab79410de0f35e99896d979903dc42
DATA_LBA=none
LENGTH=8
CALLER=kernel_v37_proof
CALLER_AUTHORIZED=true
POINTER_VALIDATED=true
PATH_POLICY_ENFORCED=true
LENGTH_BOUNDS_ENFORCED=true
STATUS=rejected
REJECT_REASON=oversized_write
MUTATED_TRUSTED_STATE=false
BOGOS_PERSISTENT_BOGFS_END
BOGOS_PERSISTENT_BOGFS_BEGIN
OPERATION=write
PATH=/data/persist.bin
OLD_VERSION=1
OLD_HASH=06a6a84990a904dbb3055f58c2abb98ced34d8ad8cb40313556e1ac921350d75
OLD_ROOT_HASH=9559ffc35d56f9ce45415cade9b84e2140ab79410de0f35e99896d979903dc42
NEW_VERSION=1
NEW_HASH=06a6a84990a904dbb3055f58c2abb98ced34d8ad8cb40313556e1ac921350d75
NEW_ROOT_HASH=9559ffc35d56f9ce45415cade9b84e2140ab79410de0f35e99896d979903dc42
DATA_LBA=none
LENGTH=8
CALLER=kernel_v37_proof
CALLER_AUTHORIZED=true
POINTER_VALIDATED=true
PATH_POLICY_ENFORCED=true
LENGTH_BOUNDS_ENFORCED=true
STATUS=rejected
REJECT_REASON=stale_preimage
MUTATED_TRUSTED_STATE=false
BOGOS_PERSISTENT_BOGFS_END
BOGOS_PERSISTENT_BOGFS_BEGIN
OPERATION=write
PATH=/data/persist.bin
OLD_VERSION=1
OLD_HASH=06a6a84990a904dbb3055f58c2abb98ced34d8ad8cb40313556e1ac921350d75
OLD_ROOT_HASH=9559ffc35d56f9ce45415cade9b84e2140ab79410de0f35e99896d979903dc42
NEW_VERSION=1
NEW_HASH=06a6a84990a904dbb3055f58c2abb98ced34d8ad8cb40313556e1ac921350d75
NEW_ROOT_HASH=9559ffc35d56f9ce45415cade9b84e2140ab79410de0f35e99896d979903dc42
DATA_LBA=none
LENGTH=8
CALLER=kernel_v37_proof
CALLER_AUTHORIZED=true
POINTER_VALIDATED=true
PATH_POLICY_ENFORCED=true
LENGTH_BOUNDS_ENFORCED=true
STATUS=rejected
REJECT_REASON=storage_full
MUTATED_TRUSTED_STATE=false
BOGOS_PERSISTENT_BOGFS_END
BOGOS_PERSISTENT_BOGFS_BEGIN
OPERATION=write
PATH=/data/persist.bin
OLD_VERSION=1
OLD_HASH=06a6a84990a904dbb3055f58c2abb98ced34d8ad8cb40313556e1ac921350d75
OLD_ROOT_HASH=9559ffc35d56f9ce45415cade9b84e2140ab79410de0f35e99896d979903dc42
NEW_VERSION=1
NEW_HASH=06a6a84990a904dbb3055f58c2abb98ced34d8ad8cb40313556e1ac921350d75
NEW_ROOT_HASH=9559ffc35d56f9ce45415cade9b84e2140ab79410de0f35e99896d979903dc42
DATA_LBA=127
LENGTH=8
CALLER=kernel_v37_proof
CALLER_AUTHORIZED=true
POINTER_VALIDATED=true
PATH_POLICY_ENFORCED=true
LENGTH_BOUNDS_ENFORCED=true
STATUS=rejected
REJECT_REASON=readback_hash_mismatch
MUTATED_TRUSTED_STATE=false
BOGOS_PERSISTENT_BOGFS_END
BOGOS_BOGFS_COMMIT_BEGIN
OLD_GENERATION=1
NEW_GENERATION=2
OLD_ROOT_HASH=9559ffc35d56f9ce45415cade9b84e2140ab79410de0f35e99896d979903dc42
NEW_ROOT_HASH=ed866c24322fcafdae72ba8ae92cdb609c79863ad72970134e3609795036b3e6
DATA_LBA=65
MANIFEST_LBA=16
SUPERBLOCK_LBA=2
STATUS=accepted
REJECT_REASON=none
DEVICE_MAY_HAVE_CHANGED=true
MUTATED_TRUSTED_STATE=true
BOGOS_BOGFS_COMMIT_END
BOGOS_PERSISTENT_BOGFS_BEGIN
OPERATION=write
PATH=/data/persist.bin
OLD_VERSION=1
OLD_HASH=06a6a84990a904dbb3055f58c2abb98ced34d8ad8cb40313556e1ac921350d75
OLD_ROOT_HASH=9559ffc35d56f9ce45415cade9b84e2140ab79410de0f35e99896d979903dc42
NEW_VERSION=2
NEW_HASH=f92370d02e365ca314f72551ba97978539757050a0eeaa01ba8223ad31084c45
NEW_ROOT_HASH=ed866c24322fcafdae72ba8ae92cdb609c79863ad72970134e3609795036b3e6
DATA_LBA=65
LENGTH=18
CALLER=kernel_v37_proof
CALLER_AUTHORIZED=true
POINTER_VALIDATED=true
PATH_POLICY_ENFORCED=true
LENGTH_BOUNDS_ENFORCED=true
STATUS=accepted
REJECT_REASON=none
MUTATED_TRUSTED_STATE=true
BOGOS_PERSISTENT_BOGFS_END
BOGOS_PERSISTENT_BOGFS_BEGIN
OPERATION=stat
PATH=/data/persist.bin
OLD_VERSION=2
OLD_HASH=f92370d02e365ca314f72551ba97978539757050a0eeaa01ba8223ad31084c45
OLD_ROOT_HASH=ed866c24322fcafdae72ba8ae92cdb609c79863ad72970134e3609795036b3e6
NEW_VERSION=2
NEW_HASH=f92370d02e365ca314f72551ba97978539757050a0eeaa01ba8223ad31084c45
NEW_ROOT_HASH=ed866c24322fcafdae72ba8ae92cdb609c79863ad72970134e3609795036b3e6
DATA_LBA=65
LENGTH=18
CALLER=kernel_v37_proof
CALLER_AUTHORIZED=true
POINTER_VALIDATED=true
PATH_POLICY_ENFORCED=true
LENGTH_BOUNDS_ENFORCED=true
STATUS=accepted
REJECT_REASON=none
MUTATED_TRUSTED_STATE=false
BOGOS_PERSISTENT_BOGFS_END
BOGOS_PERSISTENT_BOGFS_BEGIN
OPERATION=read
PATH=/data/persist.bin
OLD_VERSION=2
OLD_HASH=f92370d02e365ca314f72551ba97978539757050a0eeaa01ba8223ad31084c45
OLD_ROOT_HASH=ed866c24322fcafdae72ba8ae92cdb609c79863ad72970134e3609795036b3e6
NEW_VERSION=2
NEW_HASH=f92370d02e365ca314f72551ba97978539757050a0eeaa01ba8223ad31084c45
NEW_ROOT_HASH=ed866c24322fcafdae72ba8ae92cdb609c79863ad72970134e3609795036b3e6
DATA_LBA=65
LENGTH=18
CALLER=kernel_v37_proof
CALLER_AUTHORIZED=true
POINTER_VALIDATED=true
PATH_POLICY_ENFORCED=true
LENGTH_BOUNDS_ENFORCED=true
STATUS=accepted
REJECT_REASON=none
MUTATED_TRUSTED_STATE=false
BOGOS_PERSISTENT_BOGFS_END
BOGOS_PERSISTENT_BOGFS_INVARIANTS_BEGIN
QEMU_ONLY=true
POSIX_FILESYSTEM=false
FIXED_FILE_TABLE=true
DIRECTORIES_IMPLEMENTED=false
CREATE_DELETE_IMPLEMENTED=false
V35_IN_MEMORY_BOGFS_PRESERVED=true
V36_BLOCK_DEVICE_USED=true
MOUNT_VERIFIES_ROOT_MANIFEST_TABLE_AND_CONTENT=true
COMMIT_DATA_MANIFEST_SUPERBLOCK_ORDER=true
WRITE_READBACK_VERIFIED=true
REJECTED_WRITES_MUTATED_TRUSTED_ROOT=false
CLEAN_REBOOT_PERSISTENCE_ONLY=true
BOGOS_PERSISTENT_BOGFS_INVARIANTS_END
BOGKERNEL_BOOT_BEGIN
BOGKERNEL_FORMAT=BOGKERNEL-boot-receipt-16.0
PLATFORM=qemu
EXECUTION_STATUS=completed
BOGKERNEL_BOOT_END
BOGKERNEL_VM_EXEC_BEGIN
BOGKERNEL_VM_FORMAT=BOGKERNEL-native-vm-receipt-17.0
INSTRUCTION_WIDTH=8
PROGRAM_INSTRUCTION_COUNT=2
OPCODES_EXECUTED=NOOP,HALT
HALTED=true
UNSUPPORTED_OPCODE_SEEN=false
EXECUTION_STATUS=completed
BOGKERNEL_VM_EXEC_END
BOGKERNEL_VERIFY_BEGIN
PAYLOAD_PRESENT=true
EXPECTED_HASH=3457c19c980b8b9e58ac5957d712cbdb9f2d887e19642ac5eace426cf39783e3
ACTUAL_HASH=3457c19c980b8b9e58ac5957d712cbdb9f2d887e19642ac5eace426cf39783e3
HASH_MATCH=true
DATA_ACCEPTED=true
DATA_REJECTED=false
EXECUTION_STATUS=completed
BOGKERNEL_VERIFY_END
BOGKERNEL_VERIFY_BEGIN
PAYLOAD_PRESENT=true
EXPECTED_HASH=0000000000000000000000000000000000000000000000000000000000000000
ACTUAL_HASH=3457c19c980b8b9e58ac5957d712cbdb9f2d887e19642ac5eace426cf39783e3
HASH_MATCH=false
DATA_ACCEPTED=false
DATA_REJECTED=true
EXECUTION_STATUS=completed
BOGKERNEL_VERIFY_END
BOGKERNEL_APP_BUNDLE_BEGIN
APP_NAME=hello-bogos
APP_VERSION=19.0.0
APP_PRESENT=true
APP_HASH_EXPECTED=9d34149fbd1fe777eb238799054c8cbfbce372255f219f8740838def9bfd02db
APP_HASH_ACTUAL=9d34149fbd1fe777eb238799054c8cbfbce372255f219f8740838def9bfd02db
APP_HASH_MATCH=true
APP_ACCEPTED=true
APP_REJECTED=false
APP_EXECUTION_STARTED=true
APP_EXECUTION_STATUS=completed
APP_HALTED=true
BOGKERNEL_APP_BUNDLE_END
BOGKERNEL_APP_BUNDLE_BEGIN
APP_NAME=bad-hello-bogos
APP_VERSION=19.0.0
APP_PRESENT=true
APP_HASH_EXPECTED=0000000000000000000000000000000000000000000000000000000000000000
APP_HASH_ACTUAL=9d34149fbd1fe777eb238799054c8cbfbce372255f219f8740838def9bfd02db
APP_HASH_MATCH=false
APP_ACCEPTED=false
APP_REJECTED=true
APP_EXECUTION_STARTED=false
APP_EXECUTION_STATUS=rejected
APP_HALTED=false
BOGKERNEL_APP_BUNDLE_END
BOGOS_V20_BEGIN
VERSION=20.0.0
VGA_TEXT_ONLINE=true
KEYBOARD_INPUT_ONLINE=true
SHELL_ONLINE=true
EMBEDDED_TABLE_PRESENT=true
PSEUDO_FILE_COUNT=6
VERIFIED_APP_COUNT=1
REJECTED_APP_COUNT=1
AUTO_DEMO_SUPPORTED=true
BOGOS_V20_END
