RUST_START: magic=0x732803074 info_addr=0x38144
V41_JOURNAL_LOADED count=4 verify_chain=true
FINAL_ROOT_AFTER=b85306a4f30d4e2983f00b7dcc5a3f4eb0197962759e9a5ba88621fbdca3b5c8
ROLLBACK_PRESENT_IN_HISTORY=true
BOGOS_PAGING_BEGIN
PAGING_ENABLED=true
KERNEL_CR3=003ff000
PAGE_SIZE=4MiB
IDENTITY_MAPPED=true
IDENTITY_MAPPED_MIB=4096
KERNEL_SUPERVISOR_ONLY=false
PER_PROCESS_CR3=true
PROCESS_ISOLATION_ENFORCED=false
ISOLATION_STATUS=per_process_cr3_identity_map
BOGOS_PAGING_END
BOGFS_MOUNT_FAILED: no multiboot modules
BOGOS_V38_MOUNT_BEGIN
STATUS=accepted
REJECT_REASON=none
SLOT_A_REASON=none
SLOT_B_REASON=none
FALLBACK_USED=false
GENERATION=4
ROOT_HASH=6163f97e384739c9458c325266a4d1c48664a56a9edacd91fd3a233a08bda5c0
MANIFEST_HASH=d15e6d87b45a009695c58535ed8896e05c7f950fcc523fbe550192ebb6db83cd
RECORD_COUNT=7
NEXT_FREE_LBA=67
MUTATED_TRUSTED_STATE=false
BOGOS_V38_MOUNT_END
BOGOS_BOGFS_LIST_BEGIN
PATH=/data
STATUS=accepted
REJECT_REASON=none
COUNT=2
ORDER=canonical_byte_order
RESULT_HASH=2dee790eed15911ad88b3e78dbc8bb8dcfcc3d431554289f15ad215c484502bd
ROOT_HASH=6163f97e384739c9458c325266a4d1c48664a56a9edacd91fd3a233a08bda5c0
MUTATED_TRUSTED_STATE=false
BOGOS_BOGFS_LIST_END
V41_JOURNAL_LOADED count=4 verify_chain=true
FINAL_ROOT_AFTER=b85306a4f30d4e2983f00b7dcc5a3f4eb0197962759e9a5ba88621fbdca3b5c8
ROLLBACK_PRESENT_IN_HISTORY=true
BOGOS_BOGFS_LIST_BEGIN
PATH=/data
STATUS=accepted
REJECT_REASON=none
COUNT=2
ORDER=canonical_byte_order
RESULT_HASH=2dee790eed15911ad88b3e78dbc8bb8dcfcc3d431554289f15ad215c484502bd
ROOT_HASH=6163f97e384739c9458c325266a4d1c48664a56a9edacd91fd3a233a08bda5c0
MUTATED_TRUSTED_STATE=false
BOGOS_BOGFS_LIST_END
BOGOS_BOGFS_LIFECYCLE_BEGIN
OPERATION=stat
PATH=/data/new.txt
OLD_EXISTS=true
NEW_EXISTS=true
OLD_VERSION=2
NEW_VERSION=2
OLD_TYPE=1
NEW_TYPE=1
LIFECYCLE_ID=7
OLD_HASH=1f432585932ca991f3de1346ef3caff7a23f824ad1d13dfaa2792f7cfe7a32ad
NEW_HASH=1f432585932ca991f3de1346ef3caff7a23f824ad1d13dfaa2792f7cfe7a32ad
OLD_ROOT_HASH=6163f97e384739c9458c325266a4d1c48664a56a9edacd91fd3a233a08bda5c0
NEW_ROOT_HASH=6163f97e384739c9458c325266a4d1c48664a56a9edacd91fd3a233a08bda5c0
STATUS=accepted
REJECT_REASON=none
CALLER=kernel_v38_proof
PATH_POLICY_ENFORCED=true
MUTATED_TRUSTED_STATE=false
BOGOS_BOGFS_LIFECYCLE_END
BOGOS_BOGFS_LIFECYCLE_BEGIN
OPERATION=read
PATH=/data/new.txt
OLD_EXISTS=true
NEW_EXISTS=true
OLD_VERSION=2
NEW_VERSION=2
OLD_TYPE=1
NEW_TYPE=1
LIFECYCLE_ID=7
OLD_HASH=1f432585932ca991f3de1346ef3caff7a23f824ad1d13dfaa2792f7cfe7a32ad
NEW_HASH=1f432585932ca991f3de1346ef3caff7a23f824ad1d13dfaa2792f7cfe7a32ad
OLD_ROOT_HASH=6163f97e384739c9458c325266a4d1c48664a56a9edacd91fd3a233a08bda5c0
NEW_ROOT_HASH=6163f97e384739c9458c325266a4d1c48664a56a9edacd91fd3a233a08bda5c0
STATUS=accepted
REJECT_REASON=none
CALLER=kernel_v38_proof
PATH_POLICY_ENFORCED=true
MUTATED_TRUSTED_STATE=false
BOGOS_BOGFS_LIFECYCLE_END
BOGOS_BOGFS_LIFECYCLE_BEGIN
OPERATION=read
PATH=/data/delete.txt
OLD_EXISTS=false
NEW_EXISTS=false
OLD_VERSION=2
NEW_VERSION=2
OLD_TYPE=3
NEW_TYPE=3
LIFECYCLE_ID=5
OLD_HASH=1aed7771a45de7613567d0488423aa0022a803d17956ab1895dc21d804d39226
NEW_HASH=1aed7771a45de7613567d0488423aa0022a803d17956ab1895dc21d804d39226
OLD_ROOT_HASH=6163f97e384739c9458c325266a4d1c48664a56a9edacd91fd3a233a08bda5c0
NEW_ROOT_HASH=6163f97e384739c9458c325266a4d1c48664a56a9edacd91fd3a233a08bda5c0
STATUS=rejected
REJECT_REASON=deleted_file
CALLER=kernel_v38_proof
PATH_POLICY_ENFORCED=true
MUTATED_TRUSTED_STATE=false
BOGOS_BOGFS_LIFECYCLE_END
BOGOS_BOGFS_LIFECYCLE_BEGIN
OPERATION=reboot_verify
PATH=/data/new.txt
OLD_EXISTS=true
NEW_EXISTS=true
OLD_VERSION=2
NEW_VERSION=2
OLD_TYPE=1
NEW_TYPE=1
LIFECYCLE_ID=7
OLD_HASH=1f432585932ca991f3de1346ef3caff7a23f824ad1d13dfaa2792f7cfe7a32ad
NEW_HASH=1f432585932ca991f3de1346ef3caff7a23f824ad1d13dfaa2792f7cfe7a32ad
OLD_ROOT_HASH=6163f97e384739c9458c325266a4d1c48664a56a9edacd91fd3a233a08bda5c0
NEW_ROOT_HASH=6163f97e384739c9458c325266a4d1c48664a56a9edacd91fd3a233a08bda5c0
STATUS=accepted
REJECT_REASON=none
CALLER=kernel_v38_proof
PATH_POLICY_ENFORCED=true
MUTATED_TRUSTED_STATE=false
BOGOS_BOGFS_LIFECYCLE_END
BOGOS_V38_INVARIANTS_BEGIN
QEMU_ONLY=true
POSIX_FILESYSTEM=false
FLAT_DATA_ONLY=true
MAX_RECORDS=8
PROTECTED_PREFIXES=/system,/apps,/receipts
MUTABLE_PREFIX=/data
CREATE_DELETE_LIST_STAT_READ_WRITE=true
RENAME_IMPLEMENTED=false
DISK_LOADED_APPS=false
V35_IN_MEMORY_BOGFS_PRESERVED=true
V36_BLOCK_DEVICE_PRESERVED=true
V37_PROOF_PRESERVED=true
ALTERNATE_ROOTS=true
WRITE_READBACK_VERIFIED=true
REJECTED_OPERATIONS_MUTATED_TRUSTED_ROOT=false
V40_GENESIS_WORKSPACE_PRESERVED=true
BOGOS_V38_INVARIANTS_END
BOGKERNEL_BOOT_BEGIN
BOGKERNEL_FORMAT=BOGKERNEL-boot-receipt-16.0
PLATFORM=qemu
EXECUTION_STATUS=completed
BOGKERNEL_BOOT_END
BOGKERNEL_VM_EXEC_BEGIN
BOGKERNEL_VM_FORMAT=BOGKERNEL-native-vm-receipt-17.0
INSTRUCTION_WIDTH=8
PROGRAM_INSTRUCTION_COUNT=2
OPCODES_EXECUTED=NOOP,HALT
HALTED=true
UNSUPPORTED_OPCODE_SEEN=false
EXECUTION_STATUS=completed
BOGKERNEL_VM_EXEC_END
BOGKERNEL_VERIFY_BEGIN
PAYLOAD_PRESENT=true
EXPECTED_HASH=3457c19c980b8b9e58ac5957d712cbdb9f2d887e19642ac5eace426cf39783e3
ACTUAL_HASH=3457c19c980b8b9e58ac5957d712cbdb9f2d887e19642ac5eace426cf39783e3
HASH_MATCH=true
DATA_ACCEPTED=true
DATA_REJECTED=false
EXECUTION_STATUS=completed
BOGKERNEL_VERIFY_END
BOGKERNEL_VERIFY_BEGIN
PAYLOAD_PRESENT=true
EXPECTED_HASH=0000000000000000000000000000000000000000000000000000000000000000
ACTUAL_HASH=3457c19c980b8b9e58ac5957d712cbdb9f2d887e19642ac5eace426cf39783e3
HASH_MATCH=false
DATA_ACCEPTED=false
DATA_REJECTED=true
EXECUTION_STATUS=completed
BOGKERNEL_VERIFY_END
