RUST_START: magic=0x732803074 info_addr=0x38144
BOGOS_PAGING_BEGIN
PAGING_ENABLED=true
KERNEL_CR3=003fa000
PAGE_SIZE=4MiB
IDENTITY_MAPPED=true
IDENTITY_MAPPED_MIB=4096
KERNEL_SUPERVISOR_ONLY=false
PER_PROCESS_CR3=true
PROCESS_ISOLATION_ENFORCED=false
ISOLATION_STATUS=per_process_cr3_identity_map
BOGOS_PAGING_END
BOGFS_MOUNT_FAILED: no multiboot modules
BOGOS_V39_LOAD_BEGIN
APP_PATH=/apps/hello.bogapp
STATUS=verified
REJECT_REASON=none
PID=none
SCHEDULER_ADMITTED=false
PROCESS_RECORD_ALLOCATED=false
FILESYSTEM_ROOT_HASH=31016549833218bdfdecf5caee1b956d6b39585b58d55e5309feff9e70901aa5
FILESYSTEM_MANIFEST_HASH=ce5bc3ac6eb66404f7b3fa8ca4c2777c894f6cdfcada23cf5143e36492d2a7d9
FILE_VERSION=1
FILE_LIFECYCLE_ID=8
FILE_HASH=b52bb7c700d07bffed5c2c1f39bb9aacd6eebaac38d1375739dae689fd27c6b0
APP_NAME=hello
APP_VERSION=2.0.0
APP_MANIFEST_HASH=e7cf14f43e54f8e97bfcfa30b272795df46a128be14e557fdbfa38d9fa732699
CODE_HASH=b643dfd91494185f4f68235c05897e6f90a806696c5ac1c9af47cff25a04f904
CODE_LENGTH=9
ENTRYPOINT=0
ABI_VERSION=2
CAPABILITIES=0
BOGOS_V39_LOAD_END
BOGOS_V39_LOAD_BEGIN
APP_PATH=/apps/bad-magic.bogapp
STATUS=rejected
REJECT_REASON=bad_magic
PID=none
SCHEDULER_ADMITTED=false
PROCESS_RECORD_ALLOCATED=false
FILESYSTEM_ROOT_HASH=31016549833218bdfdecf5caee1b956d6b39585b58d55e5309feff9e70901aa5
FILESYSTEM_MANIFEST_HASH=ce5bc3ac6eb66404f7b3fa8ca4c2777c894f6cdfcada23cf5143e36492d2a7d9
FILE_VERSION=1
FILE_LIFECYCLE_ID=7
FILE_HASH=9b6ea25ecd4db3aec0db515c661fd01d3a37e7220fb3958f262f774ebcd42b22
APP_NAME=none
APP_VERSION=none
APP_MANIFEST_HASH=none
CODE_HASH=none
CODE_LENGTH=0
ENTRYPOINT=0
ABI_VERSION=0
CAPABILITIES=0
BOGOS_V39_LOAD_END
BOGOS_V39_LOAD_BEGIN
APP_PATH=/apps/bad-code-hash.bogapp
STATUS=rejected
REJECT_REASON=code_hash_mismatch
PID=none
SCHEDULER_ADMITTED=false
PROCESS_RECORD_ALLOCATED=false
FILESYSTEM_ROOT_HASH=31016549833218bdfdecf5caee1b956d6b39585b58d55e5309feff9e70901aa5
FILESYSTEM_MANIFEST_HASH=ce5bc3ac6eb66404f7b3fa8ca4c2777c894f6cdfcada23cf5143e36492d2a7d9
FILE_VERSION=1
FILE_LIFECYCLE_ID=6
FILE_HASH=1c62426fce939af9a5edfd406fbd1c31d135d0c07b631acf803de10dc5287d54
APP_NAME=none
APP_VERSION=none
APP_MANIFEST_HASH=none
CODE_HASH=none
CODE_LENGTH=0
ENTRYPOINT=0
ABI_VERSION=0
CAPABILITIES=0
BOGOS_V39_LOAD_END
BOGOS_V39_LOAD_BEGIN
APP_PATH=/apps/bad-capability.bogapp
STATUS=rejected
REJECT_REASON=unsupported_capabilities
PID=none
SCHEDULER_ADMITTED=false
PROCESS_RECORD_ALLOCATED=false
FILESYSTEM_ROOT_HASH=31016549833218bdfdecf5caee1b956d6b39585b58d55e5309feff9e70901aa5
FILESYSTEM_MANIFEST_HASH=ce5bc3ac6eb66404f7b3fa8ca4c2777c894f6cdfcada23cf5143e36492d2a7d9
FILE_VERSION=1
FILE_LIFECYCLE_ID=5
FILE_HASH=e810e263bc0924ba006c24b7b2f8646744354ce55e4d5018143ba46122dc1a0f
APP_NAME=none
APP_VERSION=none
APP_MANIFEST_HASH=none
CODE_HASH=none
CODE_LENGTH=0
ENTRYPOINT=0
ABI_VERSION=0
CAPABILITIES=0
BOGOS_V39_LOAD_END
BOGOS_V39_LOAD_BEGIN
APP_PATH=/apps/missing.bogapp
STATUS=rejected
REJECT_REASON=missing_app_file
PID=none
SCHEDULER_ADMITTED=false
PROCESS_RECORD_ALLOCATED=false
FILESYSTEM_ROOT_HASH=31016549833218bdfdecf5caee1b956d6b39585b58d55e5309feff9e70901aa5
FILESYSTEM_MANIFEST_HASH=ce5bc3ac6eb66404f7b3fa8ca4c2777c894f6cdfcada23cf5143e36492d2a7d9
FILE_VERSION=none
FILE_LIFECYCLE_ID=none
FILE_HASH=none
APP_NAME=none
APP_VERSION=none
APP_MANIFEST_HASH=none
CODE_HASH=none
CODE_LENGTH=0
ENTRYPOINT=0
ABI_VERSION=0
CAPABILITIES=0
BOGOS_V39_LOAD_END
BOGOS_V39_LOAD_BEGIN
APP_PATH=/data/hello.bogapp
STATUS=rejected
REJECT_REASON=app_path_outside_apps
PID=none
SCHEDULER_ADMITTED=false
PROCESS_RECORD_ALLOCATED=false
FILESYSTEM_ROOT_HASH=31016549833218bdfdecf5caee1b956d6b39585b58d55e5309feff9e70901aa5
FILESYSTEM_MANIFEST_HASH=ce5bc3ac6eb66404f7b3fa8ca4c2777c894f6cdfcada23cf5143e36492d2a7d9
FILE_VERSION=none
FILE_LIFECYCLE_ID=none
FILE_HASH=none
APP_NAME=none
APP_VERSION=none
APP_MANIFEST_HASH=none
CODE_HASH=none
CODE_LENGTH=0
ENTRYPOINT=0
ABI_VERSION=0
CAPABILITIES=0
BOGOS_V39_LOAD_END
BOGOS_V39_LOAD_BEGIN
APP_PATH=/apps/../data/x
STATUS=rejected
REJECT_REASON=invalid_app_path
PID=none
SCHEDULER_ADMITTED=false
PROCESS_RECORD_ALLOCATED=false
FILESYSTEM_ROOT_HASH=31016549833218bdfdecf5caee1b956d6b39585b58d55e5309feff9e70901aa5
FILESYSTEM_MANIFEST_HASH=ce5bc3ac6eb66404f7b3fa8ca4c2777c894f6cdfcada23cf5143e36492d2a7d9
FILE_VERSION=none
FILE_LIFECYCLE_ID=none
FILE_HASH=none
APP_NAME=none
APP_VERSION=none
APP_MANIFEST_HASH=none
CODE_HASH=none
CODE_LENGTH=0
ENTRYPOINT=0
ABI_VERSION=0
CAPABILITIES=0
BOGOS_V39_LOAD_END
BOGOS_V39_LOAD_BEGIN
APP_PATH=/apps/hello.bogapp
STATUS=rejected
REJECT_REASON=stale_source_root
PID=none
SCHEDULER_ADMITTED=false
PROCESS_RECORD_ALLOCATED=false
FILESYSTEM_ROOT_HASH=31016549833218bdfdecf5caee1b956d6b39585b58d55e5309feff9e70901aa5
FILESYSTEM_MANIFEST_HASH=ce5bc3ac6eb66404f7b3fa8ca4c2777c894f6cdfcada23cf5143e36492d2a7d9
FILE_VERSION=none
FILE_LIFECYCLE_ID=none
FILE_HASH=none
APP_NAME=none
APP_VERSION=none
APP_MANIFEST_HASH=none
CODE_HASH=none
CODE_LENGTH=0
ENTRYPOINT=0
ABI_VERSION=0
CAPABILITIES=0
BOGOS_V39_LOAD_END
BOGOS_V39_LOAD_BEGIN
APP_PATH=/apps/hello.bogapp
STATUS=rejected
REJECT_REASON=stale_source_version
PID=none
SCHEDULER_ADMITTED=false
PROCESS_RECORD_ALLOCATED=false
FILESYSTEM_ROOT_HASH=31016549833218bdfdecf5caee1b956d6b39585b58d55e5309feff9e70901aa5
FILESYSTEM_MANIFEST_HASH=ce5bc3ac6eb66404f7b3fa8ca4c2777c894f6cdfcada23cf5143e36492d2a7d9
FILE_VERSION=none
FILE_LIFECYCLE_ID=none
FILE_HASH=none
APP_NAME=none
APP_VERSION=none
APP_MANIFEST_HASH=none
CODE_HASH=none
CODE_LENGTH=0
ENTRYPOINT=0
ABI_VERSION=0
CAPABILITIES=0
BOGOS_V39_LOAD_END
BOGOS_V39_LOAD_BEGIN
APP_PATH=/apps/hello.bogapp
STATUS=rejected
REJECT_REASON=stale_source_preimage
PID=none
SCHEDULER_ADMITTED=false
PROCESS_RECORD_ALLOCATED=false
FILESYSTEM_ROOT_HASH=31016549833218bdfdecf5caee1b956d6b39585b58d55e5309feff9e70901aa5
FILESYSTEM_MANIFEST_HASH=ce5bc3ac6eb66404f7b3fa8ca4c2777c894f6cdfcada23cf5143e36492d2a7d9
FILE_VERSION=none
FILE_LIFECYCLE_ID=none
FILE_HASH=none
APP_NAME=none
APP_VERSION=none
APP_MANIFEST_HASH=none
CODE_HASH=none
CODE_LENGTH=0
ENTRYPOINT=0
ABI_VERSION=0
CAPABILITIES=0
BOGOS_V39_LOAD_END
BOGOS_V39_LOAD_BEGIN
APP_PATH=/apps/hello.bogapp
STATUS=rejected
REJECT_REASON=protected_path_mutation
PID=none
SCHEDULER_ADMITTED=false
PROCESS_RECORD_ALLOCATED=false
FILESYSTEM_ROOT_HASH=31016549833218bdfdecf5caee1b956d6b39585b58d55e5309feff9e70901aa5
FILESYSTEM_MANIFEST_HASH=ce5bc3ac6eb66404f7b3fa8ca4c2777c894f6cdfcada23cf5143e36492d2a7d9
FILE_VERSION=none
FILE_LIFECYCLE_ID=none
FILE_HASH=none
APP_NAME=none
APP_VERSION=none
APP_MANIFEST_HASH=none
CODE_HASH=none
CODE_LENGTH=0
ENTRYPOINT=0
ABI_VERSION=0
CAPABILITIES=0
BOGOS_V39_LOAD_END
BOGOS_V39_LOAD_BEGIN
APP_PATH=/apps/truncated.bogapp
STATUS=rejected
REJECT_REASON=truncated_manifest
PID=none
SCHEDULER_ADMITTED=false
PROCESS_RECORD_ALLOCATED=false
FILESYSTEM_ROOT_HASH=31016549833218bdfdecf5caee1b956d6b39585b58d55e5309feff9e70901aa5
FILESYSTEM_MANIFEST_HASH=ce5bc3ac6eb66404f7b3fa8ca4c2777c894f6cdfcada23cf5143e36492d2a7d9
FILE_VERSION=none
FILE_LIFECYCLE_ID=none
FILE_HASH=none
APP_NAME=none
APP_VERSION=none
APP_MANIFEST_HASH=none
CODE_HASH=none
CODE_LENGTH=0
ENTRYPOINT=0
ABI_VERSION=0
CAPABILITIES=0
BOGOS_V39_LOAD_END
BOGOS_V39_LOAD_BEGIN
APP_PATH=/apps/version.bogapp
STATUS=rejected
REJECT_REASON=unsupported_app_version
PID=none
SCHEDULER_ADMITTED=false
PROCESS_RECORD_ALLOCATED=false
FILESYSTEM_ROOT_HASH=31016549833218bdfdecf5caee1b956d6b39585b58d55e5309feff9e70901aa5
FILESYSTEM_MANIFEST_HASH=ce5bc3ac6eb66404f7b3fa8ca4c2777c894f6cdfcada23cf5143e36492d2a7d9
FILE_VERSION=none
FILE_LIFECYCLE_ID=none
FILE_HASH=none
APP_NAME=none
APP_VERSION=none
APP_MANIFEST_HASH=none
CODE_HASH=none
CODE_LENGTH=0
ENTRYPOINT=0
ABI_VERSION=0
CAPABILITIES=0
BOGOS_V39_LOAD_END
BOGOS_V39_LOAD_BEGIN
APP_PATH=/apps/manifest.bogapp
STATUS=rejected
REJECT_REASON=manifest_hash_mismatch
PID=none
SCHEDULER_ADMITTED=false
PROCESS_RECORD_ALLOCATED=false
FILESYSTEM_ROOT_HASH=31016549833218bdfdecf5caee1b956d6b39585b58d55e5309feff9e70901aa5
FILESYSTEM_MANIFEST_HASH=ce5bc3ac6eb66404f7b3fa8ca4c2777c894f6cdfcada23cf5143e36492d2a7d9
FILE_VERSION=none
FILE_LIFECYCLE_ID=none
FILE_HASH=none
APP_NAME=none
APP_VERSION=none
APP_MANIFEST_HASH=none
CODE_HASH=none
CODE_LENGTH=0
ENTRYPOINT=0
ABI_VERSION=0
CAPABILITIES=0
BOGOS_V39_LOAD_END
BOGOS_V39_LOAD_BEGIN
APP_PATH=/apps/entry.bogapp
STATUS=rejected
REJECT_REASON=entrypoint_out_of_range
PID=none
SCHEDULER_ADMITTED=false
PROCESS_RECORD_ALLOCATED=false
FILESYSTEM_ROOT_HASH=31016549833218bdfdecf5caee1b956d6b39585b58d55e5309feff9e70901aa5
FILESYSTEM_MANIFEST_HASH=ce5bc3ac6eb66404f7b3fa8ca4c2777c894f6cdfcada23cf5143e36492d2a7d9
FILE_VERSION=none
FILE_LIFECYCLE_ID=none
FILE_HASH=none
APP_NAME=none
APP_VERSION=none
APP_MANIFEST_HASH=none
CODE_HASH=none
CODE_LENGTH=0
ENTRYPOINT=0
ABI_VERSION=0
CAPABILITIES=0
BOGOS_V39_LOAD_END
BOGOS_V39_LOAD_BEGIN
APP_PATH=/apps/oversized.bogapp
STATUS=rejected
REJECT_REASON=oversized_code
PID=none
SCHEDULER_ADMITTED=false
PROCESS_RECORD_ALLOCATED=false
FILESYSTEM_ROOT_HASH=31016549833218bdfdecf5caee1b956d6b39585b58d55e5309feff9e70901aa5
FILESYSTEM_MANIFEST_HASH=ce5bc3ac6eb66404f7b3fa8ca4c2777c894f6cdfcada23cf5143e36492d2a7d9
FILE_VERSION=none
FILE_LIFECYCLE_ID=none
FILE_HASH=none
APP_NAME=none
APP_VERSION=none
APP_MANIFEST_HASH=none
CODE_HASH=none
CODE_LENGTH=0
ENTRYPOINT=0
ABI_VERSION=0
CAPABILITIES=0
BOGOS_V39_LOAD_END
BOGOS_V39_LOAD_BEGIN
APP_PATH=/apps/abi.bogapp
STATUS=rejected
REJECT_REASON=unsupported_abi_version
PID=none
SCHEDULER_ADMITTED=false
PROCESS_RECORD_ALLOCATED=false
FILESYSTEM_ROOT_HASH=31016549833218bdfdecf5caee1b956d6b39585b58d55e5309feff9e70901aa5
FILESYSTEM_MANIFEST_HASH=ce5bc3ac6eb66404f7b3fa8ca4c2777c894f6cdfcada23cf5143e36492d2a7d9
FILE_VERSION=none
FILE_LIFECYCLE_ID=none
FILE_HASH=none
APP_NAME=none
APP_VERSION=none
APP_MANIFEST_HASH=none
CODE_HASH=none
CODE_LENGTH=0
ENTRYPOINT=0
ABI_VERSION=0
CAPABILITIES=0
BOGOS_V39_LOAD_END
BOGKERNEL_BOOT_BEGIN
BOGKERNEL_FORMAT=BOGKERNEL-boot-receipt-16.0
PLATFORM=qemu
EXECUTION_STATUS=completed
BOGKERNEL_BOOT_END
BOGKERNEL_VM_EXEC_BEGIN
BOGKERNEL_VM_FORMAT=BOGKERNEL-native-vm-receipt-17.0
INSTRUCTION_WIDTH=8
PROGRAM_INSTRUCTION_COUNT=2
OPCODES_EXECUTED=NOOP,HALT
HALTED=true
UNSUPPORTED_OPCODE_SEEN=false
EXECUTION_STATUS=completed
BOGKERNEL_VM_EXEC_END
BOGKERNEL_VERIFY_BEGIN
PAYLOAD_PRESENT=true
EXPECTED_HASH=3457c19c980b8b9e58ac5957d712cbdb9f2d887e19642ac5eace426cf39783e3
ACTUAL_HASH=3457c19c980b8b9e58ac5957d712cbdb9f2d887e19642ac5eace426cf39783e3
HASH_MATCH=true
DATA_ACCEPTED=true
DATA_REJECTED=false
EXECUTION_STATUS=completed
BOGKERNEL_VERIFY_END
BOGKERNEL_VERIFY_BEGIN
PAYLOAD_PRESENT=true
EXPECTED_HASH=0000000000000000000000000000000000000000000000000000000000000000
ACTUAL_HASH=3457c19c980b8b9e58ac5957d712cbdb9f2d887e19642ac5eace426cf39783e3
HASH_MATCH=false
DATA_ACCEPTED=false
DATA_REJECTED=true
EXECUTION_STATUS=completed
BOGKERNEL_VERIFY_END
BOGKERNEL_APP_BUNDLE_BEGIN
APP_NAME=hello-bogos
APP_VERSION=19.0.0
APP_PRESENT=true
APP_HASH_EXPECTED=9d34149fbd1fe777eb238799054c8cbfbce372255f219f8740838def9bfd02db
APP_HASH_ACTUAL=9d34149fbd1fe777eb238799054c8cbfbce372255f219f8740838def9bfd02db
APP_HASH_MATCH=true
APP_ACCEPTED=true
APP_REJECTED=false
APP_EXECUTION_STARTED=true
APP_EXECUTION_STATUS=completed
APP_HALTED=true
BOGKERNEL_APP_BUNDLE_END
BOGKERNEL_APP_BUNDLE_BEGIN
APP_NAME=bad-hello-bogos
APP_VERSION=19.0.0
APP_PRESENT=true
APP_HASH_EXPECTED=0000000000000000000000000000000000000000000000000000000000000000
APP_HASH_ACTUAL=9d34149fbd1fe777eb238799054c8cbfbce372255f219f8740838def9bfd02db
APP_HASH_MATCH=false
APP_ACCEPTED=false
APP_REJECTED=true
APP_EXECUTION_STARTED=false
APP_EXECUTION_STATUS=rejected
APP_HALTED=false
BOGKERNEL_APP_BUNDLE_END
BOGOS_V20_BEGIN
VERSION=20.0.0
VGA_TEXT_ONLINE=true
KEYBOARD_INPUT_ONLINE=true
SHELL_ONLINE=true
EMBEDDED_TABLE_PRESENT=true
PSEUDO_FILE_COUNT=6
VERIFIED_APP_COUNT=1
REJECTED_APP_COUNT=1
AUTO_DEMO_SUPPORTED=true
BOGOS_V20_END
BOGOS_V39_ADMIT_BEGIN
APP_PATH=/apps/hello.bogapp
STATUS=accepted
REJECT_REASON=none
PID=1
SCHEDULER_ADMITTED=true
ADMISSION_SOURCE=persistent_bogfs
CR3=00423000
PROCESS_ISOLATION_ENFORCED=true
USER_CODE_WRITABLE=false
FILESYSTEM_ROOT_HASH=31016549833218bdfdecf5caee1b956d6b39585b58d55e5309feff9e70901aa5
FILESYSTEM_MANIFEST_HASH=ce5bc3ac6eb66404f7b3fa8ca4c2777c894f6cdfcada23cf5143e36492d2a7d9
FILE_HASH=b52bb7c700d07bffed5c2c1f39bb9aacd6eebaac38d1375739dae689fd27c6b0
FILE_VERSION=1
FILE_LIFECYCLE_ID=8
APP_MANIFEST_HASH=e7cf14f43e54f8e97bfcfa30b272795df46a128be14e557fdbfa38d9fa732699
CODE_HASH=b643dfd91494185f4f68235c05897e6f90a806696c5ac1c9af47cff25a04f904
BOGOS_V39_ADMIT_END
BOGOS_PROCESS_ADMIT_BEGIN
PID=1
APP_PATH=/apps/hello.bogapp
CR3=00423000
USER_CODE_BASE=00172000
USER_CODE_PAGES=1
USER_CODE_WRITABLE=false
USER_STACK_BASE=003d3000
USER_STACK_PAGES=1
USER_STACK_WRITABLE=true
PROCESS_ISOLATION_ENFORCED=true
APP_EXECUTION_ALLOWED=true
ADMISSION_SOURCE=dynamic_loader
BOGOS_PROCESS_ADMIT_END
BOGOS_MAPPING_INVARIANTS_BEGIN
PID=1
CR3=00423000
CR3_PAGE_ALIGNED=true
PAGE_STRUCTURES_PAGE_ALIGNED=true
KERNEL_AND_STRUCTURES_SUPERVISOR_ONLY=true
USER_CODE_READ_ONLY=true
USER_DATA_STACK_WRITABLE=true
PRIVATE_MAPPING_OWNERSHIP=true
NO_BROAD_USER_IDENTITY_MAP=true
INVARIANTS_VERIFIED=true
BOGOS_MAPPING_INVARIANTS_END
BOGOS_ADDRSPACE_BEGIN
PID=1
ADDRESS_SPACE_ID=1
CR3=00423000
USER_CODE_BASE=00172000
USER_CODE_PAGES=1
USER_CODE_PHYS_BASE=00172000
USER_STACK_BASE=003d3000
USER_STACK_PAGES=1
USER_STACK_PHYS_BASE=003d3000
KERNEL_MAPPING_BASE=00000000
KERNEL_MAPPING_PAGES=0
KERNEL_SUPERVISOR_ONLY=true
PAGING_ENABLED=true
PER_PROCESS_CR3=true
PAGE_DIRECTORY_KIND=per_process_isolated
PROCESS_ISOLATION_ENFORCED=true
KERNEL_PROTECTION_ENFORCED=true
USER_CODE_USER_ACCESSIBLE=true
USER_STACK_USER_ACCESSIBLE=true
PRIVATE_USER_MAPPINGS=true
WRITABLE_CODE_BLOCKED=true
CROSS_PROCESS_ISOLATION_ENFORCED=true
APP_HASH=b643dfd91494185f4f68235c05897e6f90a806696c5ac1c9af47cff25a04f904
ADDRSPACE_HASH=4e272f39fe9ea68b83518b1ccf8223060eefa6b69843135acc03b1644c53ee5b
FAULT_COUNT=0
ISOLATION_STATUS=verified
BOGOS_ADDRSPACE_END
BOGOS_USER_MAPPING_BEGIN
PID=1
CR3=00423000
USER_CODE_BASE=00172000
USER_CODE_PAGES=1
USER_CODE_WRITABLE=false
USER_STACK_BASE=003d3000
USER_STACK_PAGES=1
USER_STACK_WRITABLE=true
PRIVATE_USER_MAPPINGS=true
BOGOS_USER_MAPPING_END
BOGOS_SCHED_BEGIN
SCHED_STEP=1
POLICY=fifo_round_robin_ready
REASON=v39_disk_loader
PREVIOUS_PID=none
SELECTED_PID=1
RUN_QUEUE=[]
SELECTED_STATE=SCHEDULED
BOGOS_SCHED_END
BOGOS_CR3_SWITCH_BEGIN
REASON=v39_disk_loader
FROM_PID=none
TO_PID=1
FROM_CR3=003fa000
TO_CR3=00423000
PER_PROCESS_CR3=true
PROCESS_ISOLATION_ENFORCED=false
BOGOS_CR3_SWITCH_END
BOGOS_SYSCALL_BEGIN
PID=1
APP_PATH=/apps/hello.bogapp
SYSCALL=exit
SYSCALL_NUMBER=6
ARG0=00000000
ARG1=00172000
ARG2=001515ec
ARG3=00000000
ARGS_HASH=6e012643aee4446512a0b2530f8ffb4e77fe30550ef0362323028d7dd8e93a15
RESULT=0
STATUS=accepted
REJECT_REASON=none
MUTATED_TRUSTED_STATE=true
ABI_VERSION=2
BOGOS_SYSCALL_END
BOGOS_PROCESS_BEGIN
PID=1
APP_PATH=/apps/hello.bogapp
APP_HASH=b643dfd91494185f4f68235c05897e6f90a806696c5ac1c9af47cff25a04f904
STATE_CREATED=true
STATE_VERIFIED=true
STATE_READY=true
STATE_SCHEDULED=true
STATE_RUNNING=true
STATE_YIELDED=false
STATE_PREEMPTED=false
STATE_EXITED=true
STATE_BLOCKED=false
STATE_REJECTED=false
EXIT_CODE=0
BLOCK_REASON=none
EXECUTION_STATUS=completed
ADDRESS_SPACE_ID=1
CR3=00423000
PAGE_DIRECTORY_KIND=per_process_isolated
ISOLATION_STATUS=verified
FAULT_COUNT=0
BOGOS_PROCESS_END
1BOGOS_V39_EXECUTION_BEGIN
APP_PATH=/apps/hello.bogapp
PID=1
RING3=true
PROCESS_ISOLATION_ENFORCED=true
STATE_EXITED=true
EXECUTION_STATUS=completed
BOGOS_V39_EXECUTION_END
BOGOS_V39_INVARIANTS_BEGIN
QEMU_ONLY=true
I686_ONLY=true
POSIX=false
PERSISTENT_BOGFS_SOURCE=true
APP_FORMAT_V2=true
FULL_ELF=false
DYNAMIC_LIBRARIES=false
PID_ONLY_AFTER_VERIFICATION=true
REJECTED_APPS_SCHEDULER_ADMITTED=false
V36_V37_V38_PRESERVED=true
V40_SHELL_IMPLEMENTED=false
BOGOS_V39_INVARIANTS_END
