RUST_START: magic=0x732803074 info_addr=0x38144
BOGOS_PAGING_BEGIN
PAGING_ENABLED=true
KERNEL_CR3=00403000
PAGE_SIZE=4MiB
IDENTITY_MAPPED=true
IDENTITY_MAPPED_MIB=4096
KERNEL_SUPERVISOR_ONLY=false
PER_PROCESS_CR3=true
PROCESS_ISOLATION_ENFORCED=false
ISOLATION_STATUS=per_process_cr3_identity_map
BOGOS_PAGING_END
BOGFS_MOUNT_FAILED: no multiboot modules
DEBUG: mount_bogfs done
DEBUG: v38 image present
DEBUG: v38_mount begin
DEBUG: v38_validate_root lba=1
DEBUG: record index=0 entry_type=2
DEBUG: record index=1 entry_type=2
DEBUG: record index=2 entry_type=1
DEBUG: record index=3 entry_type=1
DEBUG: record index=4 entry_type=2
DEBUG: record index=5 entry_type=2
DEBUG: slot A validation done
DEBUG: v38_validate_root lba=2
DEBUG: slot B validation done
BOGOS_V38_MOUNT_BEGIN
STATUS=accepted
REJECT_REASON=none
SLOT_A_REASON=none
SLOT_B_REASON=bad_superblock_magic
FALLBACK_USED=true
GENERATION=1
ROOT_HASH=0a1c680cad4a0c5183919e886c16c776f29d4222878a22fa41ed4ebb5dfdc4a7
MANIFEST_HASH=5686e4cf7f1f549a5398abfcd090feee707ffd9c770b6bda66780a0d79934843
RECORD_COUNT=6
NEXT_FREE_LBA=66
MUTATED_TRUSTED_STATE=false
BOGOS_V38_MOUNT_END
BOGOS_BOGFS_LIST_BEGIN
PATH=/data
STATUS=accepted
REJECT_REASON=none
COUNT=2
ORDER=canonical_byte_order
RESULT_HASH=89138cd544bd48fbf8faeb93b696dc894ddb980e1de955a84b02296856b0461c
ROOT_HASH=0a1c680cad4a0c5183919e886c16c776f29d4222878a22fa41ed4ebb5dfdc4a7
MUTATED_TRUSTED_STATE=false
BOGOS_BOGFS_LIST_END
DEBUG: v40_try_load_genesis: path not found
DEBUG: v40_try_load_genesis: path not found
V41_JOURNAL_LOADED count=0 verify_chain=false
BOGOS_BOGFS_LIFECYCLE_BEGIN
OPERATION=create
PATH=/data/caller.txt
OLD_EXISTS=false
NEW_EXISTS=false
OLD_VERSION=none
NEW_VERSION=none
OLD_TYPE=none
NEW_TYPE=none
LIFECYCLE_ID=none
OLD_HASH=none
NEW_HASH=none
OLD_ROOT_HASH=0a1c680cad4a0c5183919e886c16c776f29d4222878a22fa41ed4ebb5dfdc4a7
NEW_ROOT_HASH=0a1c680cad4a0c5183919e886c16c776f29d4222878a22fa41ed4ebb5dfdc4a7
STATUS=rejected
REJECT_REASON=unauthorized_caller
CALLER=kernel_v38_proof
PATH_POLICY_ENFORCED=true
MUTATED_TRUSTED_STATE=false
BOGOS_BOGFS_LIFECYCLE_END
BOGOS_BOGFS_LIFECYCLE_BEGIN
OPERATION=create
PATH=/data/pointer.txt
OLD_EXISTS=false
NEW_EXISTS=false
OLD_VERSION=none
NEW_VERSION=none
OLD_TYPE=none
NEW_TYPE=none
LIFECYCLE_ID=none
OLD_HASH=none
NEW_HASH=none
OLD_ROOT_HASH=0a1c680cad4a0c5183919e886c16c776f29d4222878a22fa41ed4ebb5dfdc4a7
NEW_ROOT_HASH=0a1c680cad4a0c5183919e886c16c776f29d4222878a22fa41ed4ebb5dfdc4a7
STATUS=rejected
REJECT_REASON=invalid_pointer
CALLER=kernel_v38_proof
PATH_POLICY_ENFORCED=true
MUTATED_TRUSTED_STATE=false
BOGOS_BOGFS_LIFECYCLE_END
BOGOS_BOGFS_LIFECYCLE_BEGIN
OPERATION=create
PATH=data/relative
OLD_EXISTS=false
NEW_EXISTS=false
OLD_VERSION=none
NEW_VERSION=none
OLD_TYPE=none
NEW_TYPE=none
LIFECYCLE_ID=none
OLD_HASH=none
NEW_HASH=none
OLD_ROOT_HASH=0a1c680cad4a0c5183919e886c16c776f29d4222878a22fa41ed4ebb5dfdc4a7
NEW_ROOT_HASH=0a1c680cad4a0c5183919e886c16c776f29d4222878a22fa41ed4ebb5dfdc4a7
STATUS=rejected
REJECT_REASON=invalid_path
CALLER=kernel_v38_proof
PATH_POLICY_ENFORCED=true
MUTATED_TRUSTED_STATE=false
BOGOS_BOGFS_LIFECYCLE_END
BOGOS_BOGFS_LIFECYCLE_BEGIN
OPERATION=create
PATH=/data/../system/x
OLD_EXISTS=false
NEW_EXISTS=false
OLD_VERSION=none
NEW_VERSION=none
OLD_TYPE=none
NEW_TYPE=none
LIFECYCLE_ID=none
OLD_HASH=none
NEW_HASH=none
OLD_ROOT_HASH=0a1c680cad4a0c5183919e886c16c776f29d4222878a22fa41ed4ebb5dfdc4a7
NEW_ROOT_HASH=0a1c680cad4a0c5183919e886c16c776f29d4222878a22fa41ed4ebb5dfdc4a7
STATUS=rejected
REJECT_REASON=path_traversal
CALLER=kernel_v38_proof
PATH_POLICY_ENFORCED=true
MUTATED_TRUSTED_STATE=false
BOGOS_BOGFS_LIFECYCLE_END
BOGOS_BOGFS_LIFECYCLE_BEGIN
OPERATION=create
PATH=/data//alias
OLD_EXISTS=false
NEW_EXISTS=false
OLD_VERSION=none
NEW_VERSION=none
OLD_TYPE=none
NEW_TYPE=none
LIFECYCLE_ID=none
OLD_HASH=none
NEW_HASH=none
OLD_ROOT_HASH=0a1c680cad4a0c5183919e886c16c776f29d4222878a22fa41ed4ebb5dfdc4a7
NEW_ROOT_HASH=0a1c680cad4a0c5183919e886c16c776f29d4222878a22fa41ed4ebb5dfdc4a7
STATUS=rejected
REJECT_REASON=path_alias
CALLER=kernel_v38_proof
PATH_POLICY_ENFORCED=true
MUTATED_TRUSTED_STATE=false
BOGOS_BOGFS_LIFECYCLE_END
BOGOS_BOGFS_LIFECYCLE_BEGIN
OPERATION=create
PATH=/data/new.txt
OLD_EXISTS=false
NEW_EXISTS=false
OLD_VERSION=none
NEW_VERSION=none
OLD_TYPE=none
NEW_TYPE=none
LIFECYCLE_ID=none
OLD_HASH=none
NEW_HASH=none
OLD_ROOT_HASH=0a1c680cad4a0c5183919e886c16c776f29d4222878a22fa41ed4ebb5dfdc4a7
NEW_ROOT_HASH=0a1c680cad4a0c5183919e886c16c776f29d4222878a22fa41ed4ebb5dfdc4a7
STATUS=rejected
REJECT_REASON=duplicate_create
CALLER=kernel_v38_proof
PATH_POLICY_ENFORCED=true
MUTATED_TRUSTED_STATE=false
BOGOS_BOGFS_LIFECYCLE_END
BOGOS_BOGFS_LIFECYCLE_BEGIN
OPERATION=create
PATH=/tmp/x
OLD_EXISTS=false
NEW_EXISTS=false
OLD_VERSION=none
NEW_VERSION=none
OLD_TYPE=none
NEW_TYPE=none
LIFECYCLE_ID=none
OLD_HASH=none
NEW_HASH=none
OLD_ROOT_HASH=0a1c680cad4a0c5183919e886c16c776f29d4222878a22fa41ed4ebb5dfdc4a7
NEW_ROOT_HASH=0a1c680cad4a0c5183919e886c16c776f29d4222878a22fa41ed4ebb5dfdc4a7
STATUS=rejected
REJECT_REASON=outside_mutable_area
CALLER=kernel_v38_proof
PATH_POLICY_ENFORCED=true
MUTATED_TRUSTED_STATE=false
BOGOS_BOGFS_LIFECYCLE_END
BOGOS_BOGFS_LIFECYCLE_BEGIN
OPERATION=create
PATH=/system/x
OLD_EXISTS=false
NEW_EXISTS=false
OLD_VERSION=none
NEW_VERSION=none
OLD_TYPE=none
NEW_TYPE=none
LIFECYCLE_ID=none
OLD_HASH=none
NEW_HASH=none
OLD_ROOT_HASH=0a1c680cad4a0c5183919e886c16c776f29d4222878a22fa41ed4ebb5dfdc4a7
NEW_ROOT_HASH=0a1c680cad4a0c5183919e886c16c776f29d4222878a22fa41ed4ebb5dfdc4a7
STATUS=rejected
REJECT_REASON=protected_path
CALLER=kernel_v38_proof
PATH_POLICY_ENFORCED=true
MUTATED_TRUSTED_STATE=false
BOGOS_BOGFS_LIFECYCLE_END
BOGOS_BOGFS_LIFECYCLE_BEGIN
OPERATION=delete
PATH=/data/missing.txt
OLD_EXISTS=false
NEW_EXISTS=false
OLD_VERSION=none
NEW_VERSION=none
OLD_TYPE=none
NEW_TYPE=none
LIFECYCLE_ID=none
OLD_HASH=none
NEW_HASH=none
OLD_ROOT_HASH=0a1c680cad4a0c5183919e886c16c776f29d4222878a22fa41ed4ebb5dfdc4a7
NEW_ROOT_HASH=0a1c680cad4a0c5183919e886c16c776f29d4222878a22fa41ed4ebb5dfdc4a7
STATUS=rejected
REJECT_REASON=missing_file
CALLER=kernel_v38_proof
PATH_POLICY_ENFORCED=true
MUTATED_TRUSTED_STATE=false
BOGOS_BOGFS_LIFECYCLE_END
BOGOS_BOGFS_LIFECYCLE_BEGIN
OPERATION=delete
PATH=/apps
OLD_EXISTS=true
NEW_EXISTS=false
OLD_VERSION=1
NEW_VERSION=1
OLD_TYPE=2
NEW_TYPE=2
LIFECYCLE_ID=1
OLD_HASH=0000000000000000000000000000000000000000000000000000000000000000
NEW_HASH=0000000000000000000000000000000000000000000000000000000000000000
OLD_ROOT_HASH=0a1c680cad4a0c5183919e886c16c776f29d4222878a22fa41ed4ebb5dfdc4a7
NEW_ROOT_HASH=0a1c680cad4a0c5183919e886c16c776f29d4222878a22fa41ed4ebb5dfdc4a7
STATUS=rejected
REJECT_REASON=protected_path
CALLER=kernel_v38_proof
PATH_POLICY_ENFORCED=true
MUTATED_TRUSTED_STATE=false
BOGOS_BOGFS_LIFECYCLE_END
BOGOS_BOGFS_LIFECYCLE_BEGIN
OPERATION=write
PATH=/data/new.txt
OLD_EXISTS=false
NEW_EXISTS=false
OLD_VERSION=none
NEW_VERSION=none
OLD_TYPE=none
NEW_TYPE=none
LIFECYCLE_ID=none
OLD_HASH=none
NEW_HASH=none
OLD_ROOT_HASH=0a1c680cad4a0c5183919e886c16c776f29d4222878a22fa41ed4ebb5dfdc4a7
NEW_ROOT_HASH=0a1c680cad4a0c5183919e886c16c776f29d4222878a22fa41ed4ebb5dfdc4a7
STATUS=rejected
REJECT_REASON=oversized_file
CALLER=kernel_v38_proof
PATH_POLICY_ENFORCED=true
MUTATED_TRUSTED_STATE=false
BOGOS_BOGFS_LIFECYCLE_END
BOGOS_BOGFS_LIFECYCLE_BEGIN
OPERATION=create
PATH=/data/full.txt
OLD_EXISTS=false
NEW_EXISTS=false
OLD_VERSION=none
NEW_VERSION=none
OLD_TYPE=none
NEW_TYPE=none
LIFECYCLE_ID=none
OLD_HASH=none
NEW_HASH=none
OLD_ROOT_HASH=0a1c680cad4a0c5183919e886c16c776f29d4222878a22fa41ed4ebb5dfdc4a7
NEW_ROOT_HASH=0a1c680cad4a0c5183919e886c16c776f29d4222878a22fa41ed4ebb5dfdc4a7
STATUS=rejected
REJECT_REASON=file_table_full
CALLER=kernel_v38_proof
PATH_POLICY_ENFORCED=true
MUTATED_TRUSTED_STATE=false
BOGOS_BOGFS_LIFECYCLE_END
BOGOS_BOGFS_LIFECYCLE_BEGIN
OPERATION=write
PATH=/data/new.txt
OLD_EXISTS=false
NEW_EXISTS=false
OLD_VERSION=none
NEW_VERSION=none
OLD_TYPE=none
NEW_TYPE=none
LIFECYCLE_ID=none
OLD_HASH=none
NEW_HASH=none
OLD_ROOT_HASH=0a1c680cad4a0c5183919e886c16c776f29d4222878a22fa41ed4ebb5dfdc4a7
NEW_ROOT_HASH=0a1c680cad4a0c5183919e886c16c776f29d4222878a22fa41ed4ebb5dfdc4a7
STATUS=rejected
REJECT_REASON=storage_full
CALLER=kernel_v38_proof
PATH_POLICY_ENFORCED=true
MUTATED_TRUSTED_STATE=false
BOGOS_BOGFS_LIFECYCLE_END
BOGOS_BOGFS_LIFECYCLE_BEGIN
OPERATION=write
PATH=/data/new.txt
OLD_EXISTS=false
NEW_EXISTS=false
OLD_VERSION=none
NEW_VERSION=none
OLD_TYPE=none
NEW_TYPE=none
LIFECYCLE_ID=none
OLD_HASH=none
NEW_HASH=none
OLD_ROOT_HASH=0a1c680cad4a0c5183919e886c16c776f29d4222878a22fa41ed4ebb5dfdc4a7
NEW_ROOT_HASH=0a1c680cad4a0c5183919e886c16c776f29d4222878a22fa41ed4ebb5dfdc4a7
STATUS=rejected
REJECT_REASON=stale_expected_root
CALLER=kernel_v38_proof
PATH_POLICY_ENFORCED=true
MUTATED_TRUSTED_STATE=false
BOGOS_BOGFS_LIFECYCLE_END
BOGOS_BOGFS_LIFECYCLE_BEGIN
OPERATION=write
PATH=/data/new.txt
OLD_EXISTS=false
NEW_EXISTS=false
OLD_VERSION=none
NEW_VERSION=none
OLD_TYPE=none
NEW_TYPE=none
LIFECYCLE_ID=none
OLD_HASH=none
NEW_HASH=none
OLD_ROOT_HASH=0a1c680cad4a0c5183919e886c16c776f29d4222878a22fa41ed4ebb5dfdc4a7
NEW_ROOT_HASH=0a1c680cad4a0c5183919e886c16c776f29d4222878a22fa41ed4ebb5dfdc4a7
STATUS=rejected
REJECT_REASON=stale_version
CALLER=kernel_v38_proof
PATH_POLICY_ENFORCED=true
MUTATED_TRUSTED_STATE=false
BOGOS_BOGFS_LIFECYCLE_END
BOGOS_BOGFS_LIFECYCLE_BEGIN
OPERATION=write
PATH=/data/new.txt
OLD_EXISTS=false
NEW_EXISTS=false
OLD_VERSION=none
NEW_VERSION=none
OLD_TYPE=none
NEW_TYPE=none
LIFECYCLE_ID=none
OLD_HASH=none
NEW_HASH=none
OLD_ROOT_HASH=0a1c680cad4a0c5183919e886c16c776f29d4222878a22fa41ed4ebb5dfdc4a7
NEW_ROOT_HASH=0a1c680cad4a0c5183919e886c16c776f29d4222878a22fa41ed4ebb5dfdc4a7
STATUS=rejected
REJECT_REASON=stale_preimage
CALLER=kernel_v38_proof
PATH_POLICY_ENFORCED=true
MUTATED_TRUSTED_STATE=false
BOGOS_BOGFS_LIFECYCLE_END
BOGOS_BOGFS_LIFECYCLE_BEGIN
OPERATION=list
PATH=/data/new.txt
OLD_EXISTS=false
NEW_EXISTS=false
OLD_VERSION=none
NEW_VERSION=none
OLD_TYPE=none
NEW_TYPE=none
LIFECYCLE_ID=none
OLD_HASH=none
NEW_HASH=none
OLD_ROOT_HASH=0a1c680cad4a0c5183919e886c16c776f29d4222878a22fa41ed4ebb5dfdc4a7
NEW_ROOT_HASH=0a1c680cad4a0c5183919e886c16c776f29d4222878a22fa41ed4ebb5dfdc4a7
STATUS=rejected
REJECT_REASON=list_on_file
CALLER=kernel_v38_proof
PATH_POLICY_ENFORCED=true
MUTATED_TRUSTED_STATE=false
BOGOS_BOGFS_LIFECYCLE_END
BOGOS_BOGFS_LIFECYCLE_BEGIN
OPERATION=write
PATH=/data/new.txt
OLD_EXISTS=false
NEW_EXISTS=false
OLD_VERSION=none
NEW_VERSION=none
OLD_TYPE=none
NEW_TYPE=none
LIFECYCLE_ID=none
OLD_HASH=none
NEW_HASH=none
OLD_ROOT_HASH=0a1c680cad4a0c5183919e886c16c776f29d4222878a22fa41ed4ebb5dfdc4a7
NEW_ROOT_HASH=0a1c680cad4a0c5183919e886c16c776f29d4222878a22fa41ed4ebb5dfdc4a7
STATUS=rejected
REJECT_REASON=readback_hash_mismatch
CALLER=kernel_v38_proof
PATH_POLICY_ENFORCED=true
MUTATED_TRUSTED_STATE=false
BOGOS_BOGFS_LIFECYCLE_END
BOGOS_BOGFS_LIFECYCLE_BEGIN
OPERATION=delete
PATH=/data/delete.txt
OLD_EXISTS=true
NEW_EXISTS=false
OLD_VERSION=1
NEW_VERSION=1
OLD_TYPE=1
NEW_TYPE=1
LIFECYCLE_ID=5
OLD_HASH=1aed7771a45de7613567d0488423aa0022a803d17956ab1895dc21d804d39226
NEW_HASH=1aed7771a45de7613567d0488423aa0022a803d17956ab1895dc21d804d39226
OLD_ROOT_HASH=0a1c680cad4a0c5183919e886c16c776f29d4222878a22fa41ed4ebb5dfdc4a7
NEW_ROOT_HASH=0a1c680cad4a0c5183919e886c16c776f29d4222878a22fa41ed4ebb5dfdc4a7
STATUS=rejected
REJECT_REASON=metadata_readback_mismatch
CALLER=kernel_v38_proof
PATH_POLICY_ENFORCED=true
MUTATED_TRUSTED_STATE=false
BOGOS_BOGFS_LIFECYCLE_END
DEBUG: v38_create_and_emit begin
DEBUG: v38_commit begin
DEBUG: v38_commit count=7
DEBUG: v38_commit listing_hash computed
DEBUG: v38_commit manifest_hash computed
DEBUG: v38_commit write manifest sectors begin
